<?xml version="1.0" encoding="UTF-8"?>
<testsuite xmlns:xsi="http://www.w3.org/2001/XMLSchema-instance" xsi:noNamespaceSchemaLocation="https://maven.apache.org/surefire/maven-surefire-plugin/xsd/surefire-test-report-3.0.xsd" version="3.0" name="com.dieu_phoi_xe.DieuPhoiXeApplicationTests" time="6.242" tests="1" errors="0" skipped="0" failures="0">
  <properties>
[...]
</properties>
  <testcase name="contextLoads" classname="com.dieu_phoi_xe.DieuPhoiXeApplicationTests" time="1.903">
    <system-out><![CDATA[19:05:57.777 [main] INFO org.springframework.test.context.support.AnnotationConfigContextLoaderUtils -- Could not detect default configuration classes for test class [com.dieu_phoi_xe.DieuPhoiXeApplicationTests]: DieuPhoiXeApplicationTests does not declare any static, non-private, non-final, nested classes annotated with @Configuration.
19:05:57.931 [main] INFO org.springframework.boot.test.context.SpringBootTestContextBootstrapper -- Found @SpringBootConfiguration com.dieu_phoi_xe.DieuPhoiXeApplication for test class com.dieu_phoi_xe.DieuPhoiXeApplicationTests

  .   ____          _            __ _ _
 /\\ / ___'_ __ _ _(_)_ __  __ _ \ \ \ \
( ( )\___ | '_ | '_| | '_ \/ _` | \ \ \ \
 \\/  ___)| |_)| | | | | || (_| |  ) ) ) )
  '  |____| .__|_| |_|_| |_\__, | / / / /
 =========|_|==============|___/=/_/_/_/
 :: Spring Boot ::                (v3.2.4)

2024-04-03T19:05:58.820+07:00  INFO 11160 --- [dieu_phoi_xe] [           main] c.d.DieuPhoiXeApplicationTests           : Starting DieuPhoiXeApplicationTests using Java 17.0.10 with PID 11160 (started by pc in C:\Users\pc\Desktop\JAVA\dieu_phoi_xe)
2024-04-03T19:05:58.826+07:00  INFO 11160 --- [dieu_phoi_xe] [           main] c.d.DieuPhoiXeApplicationTests           : No active profile set, falling back to 1 default profile: "default"
2024-04-03T19:06:01.798+07:00  INFO 11160 --- [dieu_phoi_xe] [           main] c.d.DieuPhoiXeApplicationTests           : Started DieuPhoiXeApplicationTests in 3.523 seconds (process running for 5.179)
]]></system-out>
  </testcase>
</testsuite>